<?xml version="1.0" encoding="UTF-8"?>
<!-- Generated by org.testng.reporters.JUnitXMLReporter -->
<testsuite hostname="Mouneesh-PC" ignored="0" name="TestLeaf Testcases" tests="5" failures="0" timestamp="2019-10-19T15:28:48 IST" time="87.669" errors="0">
  <testcase name="runDuplicateLead" time="12.384" classname="week5.day1.DuplicateLeadAssignment"/>
  <testcase name="runEditLead" time="16.818" classname="week5.day1.EditLeadAssignment"/>
  <testcase name="runCreateLead" time="16.654" classname="week5.day1.CreateLeadAssignment"/>
  <testcase name="runDeleteLead" time="15.402" classname="week5.day1.DeleteLeadAssignment"/>
  <testcase name="runMergeLead" time="22.84" classname="week5.day1.MultipleWindowsMergeLead"/>
</testsuite> <!-- TestLeaf Testcases -->
