<?xml version="1.0" encoding="UTF-8"?>
<!-- Generated by org.testng.reporters.JUnitXMLReporter -->
<testsuite hostname="Mouneesh-PC" ignored="0" name="Default test" tests="2" failures="0" timestamp="2019-11-09T11:17:09 IST" time="55.668" errors="0">
  <testcase name="runScenario" time="28.703" classname="cucumber.api.testng.AbstractTestNGCucumberTests"/>
  <testcase name="runScenario" time="26.239" classname="cucumber.api.testng.AbstractTestNGCucumberTests"/>
</testsuite> <!-- Default test -->
