<?xml version="1.0" encoding="UTF-8"?>
<testng-results skipped="0" failed="0" ignored="0" total="2" passed="2">
  <reporter-output>
  </reporter-output>
  <suite name="Default suite" duration-ms="55668" started-at="2019-11-09T11:16:13 IST" finished-at="2019-11-09T11:17:09 IST">
    <groups>
      <group name="cucumber">
        <method signature="AbstractTestNGCucumberTests.runScenario(cucumber.api.testng.PickleEventWrapper, cucumber.api.testng.CucumberFeatureWrapper)[pri:0, instance:runner.DuplicateLeadRunnerScenarioExamples@11f39f9]" name="runScenario" class="cucumber.api.testng.AbstractTestNGCucumberTests"/>
      </group> <!-- cucumber -->
    </groups>
    <test name="Default test" duration-ms="55668" started-at="2019-11-09T11:16:13 IST" finished-at="2019-11-09T11:17:09 IST">
      <class name="runner.DuplicateLeadRunnerScenarioExamples">
        <test-method status="PASS" signature="setUpClass()[pri:0, instance:runner.DuplicateLeadRunnerScenarioExamples@11f39f9]" name="setUpClass" is-config="true" duration-ms="390" started-at="2019-11-09T11:16:13 IST" finished-at="2019-11-09T11:16:13 IST">
          <reporter-output>
          </reporter-output>
        </test-method> <!-- setUpClass -->
        <test-method status="PASS" signature="runScenario(cucumber.api.testng.PickleEventWrapper, cucumber.api.testng.CucumberFeatureWrapper)[pri:0, instance:runner.DuplicateLeadRunnerScenarioExamples@11f39f9]" name="runScenario" duration-ms="28703" started-at="2019-11-09T11:16:13 IST" description="Runs Cucumber Scenarios" data-provider="scenarios" finished-at="2019-11-09T11:16:42 IST">
          <params>
            <param index="0">
              <value>
                <![CDATA["Duplicate Lead Testcases"]]>
              </value>
            </param>
            <param index="1">
              <value>
                <![CDATA["Duplicate Lead Test Scenarios"]]>
              </value>
            </param>
          </params>
          <reporter-output>
          </reporter-output>
        </test-method> <!-- runScenario -->
        <test-method status="PASS" signature="runScenario(cucumber.api.testng.PickleEventWrapper, cucumber.api.testng.CucumberFeatureWrapper)[pri:0, instance:runner.DuplicateLeadRunnerScenarioExamples@11f39f9]" name="runScenario" duration-ms="26239" started-at="2019-11-09T11:16:42 IST" description="Runs Cucumber Scenarios" data-provider="scenarios" finished-at="2019-11-09T11:17:08 IST">
          <params>
            <param index="0">
              <value>
                <![CDATA["Duplicate Lead Testcases"]]>
              </value>
            </param>
            <param index="1">
              <value>
                <![CDATA["Duplicate Lead Test Scenarios"]]>
              </value>
            </param>
          </params>
          <reporter-output>
          </reporter-output>
        </test-method> <!-- runScenario -->
        <test-method status="PASS" signature="tearDownClass()[pri:0, instance:runner.DuplicateLeadRunnerScenarioExamples@11f39f9]" name="tearDownClass" is-config="true" duration-ms="188" started-at="2019-11-09T11:17:08 IST" finished-at="2019-11-09T11:17:09 IST">
          <reporter-output>
          </reporter-output>
        </test-method> <!-- tearDownClass -->
      </class> <!-- runner.DuplicateLeadRunnerScenarioExamples -->
    </test> <!-- Default test -->
  </suite> <!-- Default suite -->
</testng-results>
